# JRE version: OpenJDK Runtime Environment Microsoft-8035246 (17.0.8+7) (build 17.0.8+7-LTS)
# Java VM: OpenJDK 64-Bit Server VM Microsoft-8035246 (17.0.8+7-LTS, mixed mode, sharing, tiered, compressed oops, compressed class ptrs, g1 gc, windows-amd64)
GC Precious Log:
 CPUs: 4 total, 4 available
 Memory: 16177M
 Large Page Support: Disabled
 NUMA Support: Disabled
 Compressed Oops: Enabled (32-bit)
 Heap Region Size: 1M
 Heap Min Capacity: 8M
 Heap Initial Capacity: 254M
 Heap Max Capacity: 2G
 Pre-touch: Disabled
 Parallel Workers: 4
 Concurrent Workers: 1
 Concurrent Refinement Workers: 4
 Periodic GC: Disabled
Heap:
 garbage-first heap   total 263168K, used 189453K [0x0000000080000000, 0x0000000100000000)
  region size 1024K, 38 young (38912K), 7 survivors (7168K)
 Metaspace       used 104420K, committed 105408K, reserved 557056K
  class space    used 14505K, committed 14976K, reserved 425984K
GC Heap History (20 events):
Event: 31.195 GC heap before
{Heap before GC invocations=33 (full 0):
 garbage-first heap   total 219136K, used 177643K [0x0000000080000000, 0x0000000100000000)
  region size 1024K, 89 young (91136K), 6 survivors (6144K)
 Metaspace       used 89385K, committed 90112K, reserved 557056K
  class space    used 12526K, committed 12864K, reserved 425984K
}
Event: 31.203 GC heap after
{Heap after GC invocations=34 (full 0):
 garbage-first heap   total 219136K, used 94637K [0x0000000080000000, 0x0000000100000000)
  region size 1024K, 9 young (9216K), 9 survivors (9216K)
 Metaspace       used 89385K, committed 90112K, reserved 557056K
  class space    used 12526K, committed 12864K, reserved 425984K
}
Event: 32.855 GC heap before
{Heap before GC invocations=34 (full 0):
 garbage-first heap   total 219136K, used 182701K [0x0000000080000000, 0x0000000100000000)
  region size 1024K, 91 young (93184K), 9 survivors (9216K)
 Metaspace       used 93958K, committed 94784K, reserved 557056K
  class space    used 13142K, committed 13504K, reserved 425984K
}
Event: 32.869 GC heap after
{Heap after GC invocations=35 (full 0):
 garbage-first heap   total 219136K, used 110159K [0x0000000080000000, 0x0000000100000000)
  region size 1024K, 12 young (12288K), 12 survivors (12288K)
 Metaspace       used 93958K, committed 94784K, reserved 557056K
  class space    used 13142K, committed 13504K, reserved 425984K
}
Event: 34.321 GC heap before
{Heap before GC invocations=35 (full 0):
 garbage-first heap   total 219136K, used 179791K [0x0000000080000000, 0x0000000100000000)
  region size 1024K, 76 young (77824K), 12 survivors (12288K)
 Metaspace       used 94799K, committed 95680K, reserved 557056K
  class space    used 13228K, committed 13632K, reserved 425984K
}
Event: 34.336 GC heap after
{Heap after GC invocations=36 (full 0):
 garbage-first heap   total 219136K, used 129333K [0x0000000080000000, 0x0000000100000000)
  region size 1024K, 10 young (10240K), 10 survivors (10240K)
 Metaspace       used 94799K, committed 95680K, reserved 557056K
  class space    used 13228K, committed 13632K, reserved 425984K
}
Event: 35.121 GC heap before
{Heap before GC invocations=36 (full 0):
 garbage-first heap   total 219136K, used 175413K [0x0000000080000000, 0x0000000100000000)
  region size 1024K, 55 young (56320K), 10 survivors (10240K)
 Metaspace       used 96442K, committed 97344K, reserved 557056K
  class space    used 13439K, committed 13824K, reserved 425984K
}
Event: 35.135 GC heap after
{Heap after GC invocations=37 (full 0):
 garbage-first heap   total 219136K, used 139264K [0x0000000080000000, 0x0000000100000000)
  region size 1024K, 7 young (7168K), 7 survivors (7168K)
 Metaspace       used 96442K, committed 97344K, reserved 557056K
  class space    used 13439K, committed 13824K, reserved 425984K
}
Event: 35.692 GC heap before
{Heap before GC invocations=37 (full 0):
 garbage-first heap   total 219136K, used 179200K [0x0000000080000000, 0x0000000100000000)
  region size 1024K, 46 young (47104K), 7 survivors (7168K)
 Metaspace       used 99905K, committed 100928K, reserved 557056K
  class space    used 13949K, committed 14400K, reserved 425984K
}
Event: 35.700 GC heap after
{Heap after GC invocations=38 (full 0):
 garbage-first heap   total 219136K, used 141824K [0x0000000080000000, 0x0000000100000000)
  region size 1024K, 2 young (2048K), 2 survivors (2048K)
 Metaspace       used 99905K, committed 100928K, reserved 557056K
  class space    used 13949K, committed 14400K, reserved 425984K
}
Event: 36.229 GC heap before
{Heap before GC invocations=38 (full 0):
 garbage-first heap   total 219136K, used 181760K [0x0000000080000000, 0x0000000100000000)
  region size 1024K, 41 young (41984K), 2 survivors (2048K)
 Metaspace       used 101688K, committed 102656K, reserved 557056K
  class space    used 14184K, committed 14592K, reserved 425984K
}
Event: 36.239 GC heap after
{Heap after GC invocations=39 (full 0):
 garbage-first heap   total 219136K, used 145283K [0x0000000080000000, 0x0000000100000000)
  region size 1024K, 6 young (6144K), 6 survivors (6144K)
 Metaspace       used 101688K, committed 102656K, reserved 557056K
  class space    used 14184K, committed 14592K, reserved 425984K
}
Event: 36.924 GC heap before
{Heap before GC invocations=39 (full 0):
 garbage-first heap   total 219136K, used 182147K [0x0000000080000000, 0x0000000100000000)
  region size 1024K, 42 young (43008K), 6 survivors (6144K)
 Metaspace       used 102601K, committed 103552K, reserved 557056K
  class space    used 14289K, committed 14720K, reserved 425984K
}
Event: 36.936 GC heap after
{Heap after GC invocations=40 (full 0):
 garbage-first heap   total 219136K, used 149727K [0x0000000080000000, 0x0000000100000000)
  region size 1024K, 6 young (6144K), 6 survivors (6144K)
 Metaspace       used 102601K, committed 103552K, reserved 557056K
  class space    used 14289K, committed 14720K, reserved 425984K
}
Event: 37.248 GC heap before
{Heap before GC invocations=40 (full 0):
 garbage-first heap   total 219136K, used 183519K [0x0000000080000000, 0x0000000100000000)
  region size 1024K, 39 young (39936K), 6 survivors (6144K)
 Metaspace       used 102916K, committed 103872K, reserved 557056K
  class space    used 14319K, committed 14784K, reserved 425984K
}
Event: 37.259 GC heap after
{Heap after GC invocations=41 (full 0):
 garbage-first heap   total 219136K, used 153212K [0x0000000080000000, 0x0000000100000000)
  region size 1024K, 4 young (4096K), 4 survivors (4096K)
 Metaspace       used 102916K, committed 103872K, reserved 557056K
  class space    used 14319K, committed 14784K, reserved 425984K
}
Event: 37.633 GC heap before
{Heap before GC invocations=41 (full 0):
 garbage-first heap   total 219136K, used 184956K [0x0000000080000000, 0x0000000100000000)
  region size 1024K, 35 young (35840K), 4 survivors (4096K)
 Metaspace       used 103702K, committed 104704K, reserved 557056K
  class space    used 14442K, committed 14912K, reserved 425984K
}
Event: 37.641 GC heap after
{Heap after GC invocations=42 (full 0):
 garbage-first heap   total 263168K, used 156911K [0x0000000080000000, 0x0000000100000000)
  region size 1024K, 4 young (4096K), 4 survivors (4096K)
 Metaspace       used 103702K, committed 104704K, reserved 557056K
  class space    used 14442K, committed 14912K, reserved 425984K
}
Event: 38.377 GC heap before
{Heap before GC invocations=42 (full 0):
 garbage-first heap   total 263168K, used 213231K [0x0000000080000000, 0x0000000100000000)
  region size 1024K, 60 young (61440K), 4 survivors (4096K)
 Metaspace       used 104342K, committed 105344K, reserved 557056K
  class space    used 14504K, committed 14976K, reserved 425984K
}
Event: 38.384 GC heap after
{Heap after GC invocations=43 (full 0):
 garbage-first heap   total 263168K, used 159757K [0x0000000080000000, 0x0000000100000000)
  region size 1024K, 7 young (7168K), 7 survivors (7168K)
 Metaspace       used 104342K, committed 105344K, reserved 557056K
  class space    used 14504K, committed 14976K, reserved 425984K
}

